<?xml version='1.0' encoding='UTF-8'?>
<testsuite hostname="rmarbeck-MS-7B22" name="MySuite" tests="2" errors="0" failures="0" skipped="0" time="0.134" timestamp="2024-02-27T11:36:08">
          <properties>
[...]
</properties>
          <testcase classname="MySuite" name="main test on final data" time="0.133">
                      
                    </testcase><testcase classname="MySuite" name="main test on initial data" time="0.001">
                      
                    </testcase>
          <system-out><![CDATA[]]></system-out>
          <system-err><![CDATA[]]></system-err>
        </testsuite>